生成启动时间为 2019/9/9 13:19:45。
     1>项目“D:\Workspace\ATLTestProject01\ATLMfcClient\ATLMfcClient.vcxproj”在节点 2 上(build 个目标)。
     1>InitializeBuildStatus:
         正在创建“x64\Release\ATLMfcClient.unsuccessfulbuild”，因为已指定“AlwaysCreate”。
       ClCompile:
         所有输出均为最新。
         d:\Softwares\Microsoft Visual Studio 10.0\VC\bin\x86_amd64\CL.exe /c /Zi /nologo /W3 /WX- /O2 /Oi /GL /D WIN32 /D _WINDOWS /D NDEBUG /D _UNICODE /D UNICODE /D _ATL_DLL /Gm- /EHsc /MT /GS /Gy /fp:precise /Zc:wchar_t /Zc:forScope /Yc"StdAfx.h" /Fp"x64\Release\ATLMfcClient.pch" /Fo"x64\Release\\" /Fd"x64\Release\vc100.pdb" /Gd /TP /errorReport:prompt stdafx.cpp
         stdafx.cpp
         d:\Softwares\Microsoft Visual Studio 10.0\VC\bin\x86_amd64\CL.exe /c /Zi /nologo /W3 /WX- /O2 /Oi /GL /D WIN32 /D _WINDOWS /D NDEBUG /D _UNICODE /D UNICODE /D _ATL_DLL /Gm- /EHsc /MT /GS /Gy /fp:precise /Zc:wchar_t /Zc:forScope /Yu"StdAfx.h" /Fp"x64\Release\ATLMfcClient.pch" /Fo"x64\Release\\" /Fd"x64\Release\vc100.pdb" /Gd /TP /errorReport:prompt ATLMfcClient.cpp ATLMfcClientDlg.cpp
         ATLMfcClient.cpp
         ATLMfcClientDlg.cpp
     1>d:\workspace\atltestproject01\atlmfcclient\ATLTest.h(6): warning C4099: “CATLTest”: 类型名称以前使用“struct”现在使用的是“class”
                 d:\workspace\atltestproject01\atlmfcclient\x64\release\atltestproject01.tlh(19) : 参见“CATLTest”的声明
     1>ATLMfcClientDlg.cpp(94): warning C4244: “=”: 从“SCODE”转换到“short”，可能丢失数据
     1>ATLMfcClientDlg.cpp(96): warning C4996: '_itow': This function or variable may be unsafe. Consider using _itow_s instead. To disable deprecation, use _CRT_SECURE_NO_WARNINGS. See online help for details.
                 d:\Softwares\Microsoft Visual Studio 10.0\VC\include\wchar.h(866) : 参见“_itow”的声明
       ResourceCompile:
         所有输出均为最新。
       Link:
         d:\Softwares\Microsoft Visual Studio 10.0\VC\bin\x86_amd64\link.exe /ERRORREPORT:PROMPT /OUT:"D:\Workspace\ATLTestProject01\x64MFC\Release\ATLMfcClient.exe" /INCREMENTAL:NO /NOLOGO /MANIFEST /ManifestFile:"x64\Release\ATLMfcClient.exe.intermediate.manifest" /MANIFESTUAC:"level='asInvoker' uiAccess='false'" /DEBUG /PDB:"D:\Workspace\ATLTestProject01\x64MFC\Release\ATLMfcClient.pdb" /SUBSYSTEM:WINDOWS /OPT:REF /OPT:ICF /LTCG /TLBID:1 /ENTRY:"wWinMainCRTStartup" /DYNAMICBASE /NXCOMPAT /IMPLIB:"D:\Workspace\ATLTestProject01\x64MFC\Release\ATLMfcClient.lib" /MACHINE:X64 x64\Release\ATLMfcClient.res
         x64\Release\ATLMfcClient.obj
         x64\Release\ATLMfcClientDlg.obj
         x64\Release\stdafx.obj
         正在生成代码
         已完成代码的生成
         ATLMfcClient.vcxproj -> D:\Workspace\ATLTestProject01\x64MFC\Release\ATLMfcClient.exe
       Manifest:
         C:\Program Files (x86)\Microsoft SDKs\Windows\v7.0A\bin\mt.exe /nologo /verbose /outputresource:"D:\Workspace\ATLTestProject01\x64MFC\Release\ATLMfcClient.exe;#1" /manifest x64\Release\ATLMfcClient.exe.intermediate.manifest "d:\Softwares\Microsoft Visual Studio 10.0\VC\Include\Manifest\dpiaware.manifest"
       FinalizeBuildStatus:
         正在删除文件“x64\Release\ATLMfcClient.unsuccessfulbuild”。
         正在对“x64\Release\ATLMfcClient.lastbuildstate”执行 Touch 任务。
     1>已完成生成项目“D:\Workspace\ATLTestProject01\ATLMfcClient\ATLMfcClient.vcxproj”(build 个目标)的操作。

生成成功。

已用时间 00:00:03.66
