D:\WORKSPACE\ATLTESTPROJECT01\ATLMFCCLIENT\X64\RELEASE\ATLMFCCLIENT.EXE.INTERMEDIATE.MANIFEST
D:\WORKSPACE\ATLTESTPROJECT01\ATLMFCCLIENT\X64\RELEASE\ATLMFCCLIENT.OBJ
D:\WORKSPACE\ATLTESTPROJECT01\ATLMFCCLIENT\X64\RELEASE\ATLMFCCLIENT.PCH
D:\WORKSPACE\ATLTESTPROJECT01\ATLMFCCLIENT\X64\RELEASE\ATLMFCCLIENT.RES
D:\Workspace\ATLTestProject01\ATLMfcClient\x64\Release\ATLMfcClient.write.1.tlog
D:\WORKSPACE\ATLTESTPROJECT01\ATLMFCCLIENT\X64\RELEASE\ATLMFCCLIENTDLG.OBJ
D:\Workspace\ATLTestProject01\ATLMfcClient\x64\Release\atltestproject01.tlh
D:\Workspace\ATLTestProject01\ATLMfcClient\x64\Release\atltestproject01.tli
D:\Workspace\ATLTestProject01\ATLMfcClient\x64\Release\cl.command.1.tlog
D:\Workspace\ATLTestProject01\ATLMfcClient\x64\Release\CL.read.1.tlog
D:\Workspace\ATLTestProject01\ATLMfcClient\x64\Release\CL.write.1.tlog
D:\Workspace\ATLTestProject01\ATLMfcClient\x64\Release\link.command.1.tlog
D:\Workspace\ATLTestProject01\ATLMfcClient\x64\Release\link.read.1.tlog
D:\Workspace\ATLTestProject01\ATLMfcClient\x64\Release\link.write.1.tlog
D:\Workspace\ATLTestProject01\ATLMfcClient\x64\Release\link-cvtres.read.1.tlog
D:\Workspace\ATLTestProject01\ATLMfcClient\x64\Release\link-cvtres.write.1.tlog
D:\Workspace\ATLTestProject01\ATLMfcClient\x64\Release\mt.command.1.tlog
D:\Workspace\ATLTestProject01\ATLMfcClient\x64\Release\mt.read.1.tlog
D:\Workspace\ATLTestProject01\ATLMfcClient\x64\Release\mt.write.1.tlog
D:\Workspace\ATLTestProject01\ATLMfcClient\x64\Release\rc.command.1.tlog
D:\Workspace\ATLTestProject01\ATLMfcClient\x64\Release\rc.read.1.tlog
D:\Workspace\ATLTestProject01\ATLMfcClient\x64\Release\rc.write.1.tlog
D:\WORKSPACE\ATLTESTPROJECT01\ATLMFCCLIENT\X64\RELEASE\STDAFX.OBJ
D:\WORKSPACE\ATLTESTPROJECT01\ATLMFCCLIENT\X64\RELEASE\VC100.PDB
D:\WORKSPACE\ATLTESTPROJECT01\X64MFC\RELEASE\ATLMFCCLIENT.EXE
D:\WORKSPACE\ATLTESTPROJECT01\X64MFC\RELEASE\ATLMFCCLIENT.PDB
